c:\yogesh\vs projects\sparky\sparky-core\release\vc140.pdb
c:\yogesh\vs projects\sparky\sparky-core\release\vec4.obj
c:\yogesh\vs projects\sparky\sparky-core\release\vec3.obj
c:\yogesh\vs projects\sparky\sparky-core\release\vec2.obj
c:\yogesh\vs projects\sparky\sparky-core\release\mat4.obj
c:\yogesh\vs projects\sparky\sparky-core\release\window.obj
c:\yogesh\vs projects\sparky\sparky-core\release\vertexarray.obj
c:\yogesh\vs projects\sparky\sparky-core\release\indexbuffer.obj
c:\yogesh\vs projects\sparky\sparky-core\release\buffer.obj
c:\yogesh\vs projects\sparky\sparky-core\release\static_sprite.obj
c:\yogesh\vs projects\sparky\sparky-core\release\sprite.obj
c:\yogesh\vs projects\sparky\sparky-core\release\shader.obj
c:\yogesh\vs projects\sparky\sparky-core\release\simple2drenderer.obj
c:\yogesh\vs projects\sparky\sparky-core\release\batchrenderer2d.obj
c:\yogesh\vs projects\sparky\sparky-core\release\main.obj
c:\yogesh\vs projects\sparky\release\sparky-core.pdb
c:\yogesh\vs projects\sparky\sparky-core\release\sparky-core.tlog\cl.command.1.tlog
c:\yogesh\vs projects\sparky\sparky-core\release\sparky-core.tlog\cl.read.1.tlog
c:\yogesh\vs projects\sparky\sparky-core\release\sparky-core.tlog\cl.write.1.tlog
c:\yogesh\vs projects\sparky\sparky-core\release\sparky-core.tlog\link.command.1.tlog
c:\yogesh\vs projects\sparky\sparky-core\release\sparky-core.tlog\link.read.1.tlog
c:\yogesh\vs projects\sparky\sparky-core\release\sparky-core.tlog\link.write.1.tlog
